<?xml version="1.0" encoding="UTF-8"?>
<!-- Generated by org.testng.reporters.JUnitReportReporter -->
<testsuite hostname="DESKTOP-9J71T9J" failures="0" tests="3" name="com.innovationcount.NewTest" time="17.998" errors="0" timestamp="2024-02-09T20:01:37 IST" skipped="0">
  <testcase classname="com.innovationcount.NewTest" name="f" time="6.094"/>
  <system-out/>
  <testcase classname="com.innovationcount.NewTest" name="f" time="5.077"/>
  <system-out/>
  <testcase classname="com.innovationcount.NewTest" name="f" time="6.827"/>
  <system-out/>
</testsuite> <!-- com.innovationcount.NewTest -->
