<?xml version="1.0" encoding="UTF-8"?>
<!-- Generated by org.testng.reporters.JUnitReportReporter -->
<testsuite hostname="DESKTOP-9J71T9J" failures="0" tests="2" name="org.ignore.Ignoree" time="10.710" errors="0" timestamp="2024-02-09T20:56:44 IST" skipped="1">
  <testcase classname="org.ignore.Ignoree" name="adoctin" time="10.710"/>
  <system-out/>
  <testcase classname="org.ignore.Ignoree" name="amazon">
    <skipped/>
  </testcase> <!-- amazon -->
  <system-out/>
</testsuite> <!-- org.ignore.Ignoree -->
