<?xml version="1.0" encoding="UTF-8"?>
<!-- Generated by org.testng.reporters.JUnitReportReporter -->
<testsuite hostname="DESKTOP-9J71T9J" failures="0" tests="1" name="org.exceptedexception.Exceptedexception" time="0.011" errors="0" timestamp="2024-02-09T22:06:46 IST" skipped="0">
  <testcase classname="org.exceptedexception.Exceptedexception" name="f" time="0.011"/>
  <system-out/>
</testsuite> <!-- org.exceptedexception.Exceptedexception -->
