<?xml version="1.0" encoding="UTF-8"?>
<!-- Generated by org.testng.reporters.JUnitReportReporter -->
<testsuite hostname="DESKTOP-9J71T9J" failures="0" tests="1" name="com.TestNG_Project.NewTest" time="0.011" errors="0" timestamp="2024-02-08T21:35:53 IST" skipped="0">
  <testcase classname="com.TestNG_Project.NewTest" name="f" time="0.011"/>
  <system-out/>
</testsuite> <!-- com.TestNG_Project.NewTest -->
