<?xml version="1.0" encoding="UTF-8"?>
<!-- Generated by org.testng.reporters.JUnitReportReporter -->
<testsuite hostname="DESKTOP-9J71T9J" failures="0" tests="3" name="com.addoctin.Ggroup" time="0.009" errors="0" timestamp="2024-02-15T13:54:28 IST" skipped="0">
  <testcase classname="com.addoctin.Ggroup" name="f2" time="0.003"/>
  <system-out/>
  <testcase classname="com.addoctin.Ggroup" name="f4" time="0.002"/>
  <system-out/>
  <testcase classname="com.addoctin.Ggroup" name="f3" time="0.004"/>
  <system-out/>
</testsuite> <!-- com.addoctin.Ggroup -->
