<?xml version="1.0" encoding="UTF-8"?>
<!-- Generated by org.testng.reporters.JUnitReportReporter -->
<testsuite hostname="DESKTOP-9J71T9J" failures="0" tests="3" name="com.priority.Pririty_feature" time="13.648" errors="0" timestamp="2024-02-09T23:55:58 IST" skipped="0">
  <testcase classname="com.priority.Pririty_feature" name="agoogle" time="3.515"/>
  <system-out/>
  <testcase classname="com.priority.Pririty_feature" name="bsearch_amazon" time="4.638"/>
  <system-out/>
  <testcase classname="com.priority.Pririty_feature" name="cclick_amazon" time="5.495"/>
  <system-out/>
</testsuite> <!-- com.priority.Pririty_feature -->
