<?xml version="1.0" encoding="UTF-8"?>
<!-- Generated by org.testng.reporters.JUnitReportReporter -->
<testsuite hostname="DESKTOP-9J71T9J" failures="0" tests="2" name="org.paralel.Parallel_test" time="11.862" errors="0" timestamp="2024-02-19T12:52:35 IST" skipped="0">
  <testcase classname="org.paralel.Parallel_test" name="f" time="5.962"/>
  <system-out/>
  <testcase classname="org.paralel.Parallel_test" name="f1" time="5.900"/>
  <system-out/>
</testsuite> <!-- org.paralel.Parallel_test -->
