<?xml version="1.0" encoding="UTF-8"?>
<!-- Generated by org.testng.reporters.JUnitReportReporter -->
<testsuite hostname="DESKTOP-9J71T9J" failures="0" tests="3" name="com.innovationcount.Innovation_count" time="15.508" errors="0" timestamp="2024-02-09T22:09:04 IST" skipped="0">
  <testcase classname="com.innovationcount.Innovation_count" name="f" time="4.023"/>
  <system-out/>
  <testcase classname="com.innovationcount.Innovation_count" name="f" time="3.732"/>
  <system-out/>
  <testcase classname="com.innovationcount.Innovation_count" name="f" time="7.753"/>
  <system-out/>
</testsuite> <!-- com.innovationcount.Innovation_count -->
