<?xml version="1.0" encoding="UTF-8"?>
<!-- Generated by org.testng.reporters.JUnitReportReporter -->
<testsuite hostname="DESKTOP-9J71T9J" failures="0" tests="2" name="org.dataprovider.Dataproviderr" time="0.011" errors="0" timestamp="2024-02-13T13:18:13 IST" skipped="0">
  <testcase classname="org.dataprovider.Dataproviderr" name="login" time="0.004"/>
  <system-out/>
  <testcase classname="org.dataprovider.Dataproviderr" name="login" time="0.007"/>
  <system-out/>
</testsuite> <!-- org.dataprovider.Dataproviderr -->
