<?xml version="1.0" encoding="UTF-8"?>
<!-- Generated by org.testng.reporters.JUnitReportReporter -->
<testsuite hostname="DESKTOP-9J71T9J" failures="0" tests="3" name="org.depedenc.Depedency" time="11.200" errors="0" timestamp="2024-02-09T21:21:36 IST" skipped="1">
  <testcase classname="org.depedenc.Depedency" name="adoctinlogin" time="1.525"/>
  <system-out/>
  <testcase classname="org.depedenc.Depedency" name="adoctin" time="9.675"/>
  <system-out/>
  <testcase classname="org.depedenc.Depedency" name="amazon">
    <skipped/>
  </testcase> <!-- amazon -->
  <system-out/>
</testsuite> <!-- org.depedenc.Depedency -->
