<?xml version="1.0" encoding="UTF-8"?>
<!-- Generated by org.testng.reporters.JUnitReportReporter -->
<testsuite hostname="DESKTOP-9J71T9J" failures="0" tests="5" name="com.grup.Grrouping$Ggroup" time="0.024" errors="0" timestamp="2024-02-15T14:14:51 IST" skipped="0">
  <testcase classname="com.grup.Grrouping$Ggroup" name="f1" time="0.002"/>
  <system-out/>
  <testcase classname="com.grup.Grrouping$Ggroup" name="f" time="0.011"/>
  <system-out/>
  <testcase classname="com.grup.Grrouping$Ggroup" name="f3" time="0.006"/>
  <system-out/>
  <testcase classname="com.grup.Grrouping$Ggroup" name="f4" time="0.002"/>
  <system-out/>
  <testcase classname="com.grup.Grrouping$Ggroup" name="f2" time="0.003"/>
  <system-out/>
</testsuite> <!-- com.grup.Grrouping$Ggroup -->
